|SourceProjectName:KERNEL.hpr
|DestinationProjectName:index.htm
whhost.js
whmsg.js
whmozemu.js
whproxy.js
whstub.js
whutils.js
whver.js
whform.js
whphost.js
whstart.js
whtopic.js
whframes.js
whlang.js
whskin_info.htm
whskin_blank.htm
whskin_pickup.htm
whskin_homepage.htm
whskin_tw.htm
whnjs.htm
whthost.js
whtdhtml.htm
whihost.js
whibody.htm
whiform.htm
whfhost.js
whfbody.htm
whfform.htm
whghost.js
whgbody.htm
whgdhtml.htm
whgdef.htm
whproj.js
whproj.xml
whproj.htm
whxdata\whtoc.xml
whxdata\whidx.xml
whxdata\whfts.xml
whxdata\whglo.xml
whdata\whtoc.js
whdata\whtoc.htm
whdata\whtdata.js
whdata\whidx.js
whdata\whidx.htm
whdata\whidata.js
whdata\whfts.js
whdata\whfts.htm
whdata\whglo.js
whdata\whglo.htm
whdata\whgdata.js
whdata\whftdata.js
whdata\whfwdata.js
whres.xml
webhelp.jar
webhelp.cab
cshdat_webhelp.htm
whcsh_home.htm
whcshdata.htm
cshdat_robohelp.htm
whd_topic.xml
whd_nvp10.htm
whd_nvp20.htm
whd_tabs.htm
whd_dpns.htm
whd_tab0.gif
whd_tab1.gif
whd_tab2.gif
whd_tab3.gif
whd_tab4.gif
whd_tab5.gif
whd_tab6.gif
whd_tab7.gif
whd_tab8.gif
whd_toc1.gif
whd_toc2.gif
whd_toc3.gif
whd_toc4.gif
whd_show0.gif
whd_show1.gif
whd_show2.gif
whd_hide0.gif
whd_hide1.gif
whd_hide2.gif
whd_sync0.gif
whd_sync1.gif
whd_sync2.gif
whd_prev0.gif
whd_prev1.gif
whd_prev2.gif
whd_next0.gif
whd_next1.gif
whd_next2.gif
whd_wbsh0.gif
whd_wbsh1.gif
whd_wbsh2.gif
whidhtml.htm
whfdhtml.htm
index_hha.hhk
index.hhc
index.hhk
dump_study.htm
geom_preferences.htm
introduction_to_gui.htm
kernel\about_salome_pro_architecture.htm
kernel\about_salome_pro_help_system.htm
kernel\creating_a_new_study.htm
kernel\displaying_studies.htm
kernel\editing_studies.htm
kernel\getting_properties_of_the_study.htm
kernel\getting_started2.htm
kernel\introduction.htm
kernel\introduction_to_salome_pro.htm
kernel\navigating_topics.htm
kernel\opening_studies.htm
kernel\readme.html
kernel\running_salome_pro.htm
kernel\salome_pro_desktop.htm
kernel\saving_a_study.htm
kernel\setting_preferences.htm
kernel\using_catalog_generator.htm
kernel\using_left-hand_tabs.htm
kernel\using_object_browser.htm
kernel\using_registry.htm
mesh_preferences.htm
post-pro_preferences.htm
select_color_and_font.htm
setting_preferences.htm
ehelp.xml
robohhre.lng
texture_horiz_ltbluebubbles.jpg
index.glo
default.css
kernel\progresspage.png
pics\ppref1.png
pics\geomview-alt.png
pics\registry1.png
pics\open.jpg
pics\ppref2.png
pics\pref31.png
kernel\batchmode.png
kernel\choicepage.png
kernel\logocorp.png
pics\ppref3.png
pics\pref21.png
pics\view2.png
pics\registry3.png
pics\studyproperties.png
closestudy.png
pics\copy-paste.jpg
kernel\productpage.png
pics\pref33.png
pics\pref22.png
pics\pref11.png
pics\registry4.png
note1.gif
pics\pref34.png
pics\pref23.png
pics\pref12.png
pics\selectfont.png
image70.gif
pics\pref24.png
pics\pref13.png
image71.gif
pics\save.jpg
kernel\productpage1.png
pics\pref14.png
image94.gif
image72.gif
pics\selectcolor.png
pics\newsticn.jpg
kernel\readmepage.png
kernel\progresspage1.png
kernel\productpage2.png
kernel\intropage.png
pics\pref37.png
pics\pref15.png
pics\cataloggenerator.png
image54.jpg
image73.gif
pics\pref38.png
pics\import.png
pics\pref39.png
pics\loadscript.png
pics\loadstudy2.png
image75.gif
pics\dumpstudy.png
pics\neo-view2.png
image65.gif
pics\lockedstudy.png
image67.gif
pics\objectbrowser1.png
image68.gif
tip1.gif
i_blue.jpg
pics\objectbrowser2.png
image69.gif
kernel\application.png
pics\icon_about.png
index.ppf
ehlpdhtm.js
ss_btn_related_topics.gif
default_ns.css
whxdata\whtdata0.xml
whxdata\whftdata0.xml
whxdata\whfwdata0.xml
whxdata\whgdata0.xml
whdata\whtdata0.htm
whdata\whftdata0.htm
whdata\whfwdata0.htm
whdata\whgdata0.htm
index.htm
index_csh.htm
index_rhc.htm
